User benaron submitted invalid picks for Week 1 in League 1.
User benaron created picks for Week 1 in League 1.
User benaron reset picks for Week 1 in League 1.
User benaron attempted to reset picks for Week 1 in League 1 but had no picks.
User benaron created picks for Week 1 in League 1.
User testuser created picks for Week 1 in League 1.
User testuser created picks for Week 2 in League 1.
User testuser submitted invalid picks for Week 3 in League 1.
User testuser created picks for Week 3 in League 1.
User testuser created picks for Week 4 in League 1.
User testuser reset picks for Week 1 in League 1.
User testuser reset picks for Week 2 in League 1.
User testuser submitted invalid picks for Week 1 in League 1.
User testuser created picks for Week 1 in League 1.
User testuser created picks for Week 1 in League 1.
User testuser created picks for Week 2 in League 1.
User testuser created picks for Week 3 in League 1.
User testuser created picks for Week 1 in League 1.
User testuser created picks for Week 2 in League 1.
User testuser used an immunity idol for Week 3 in League 1.
User testuser created picks for Week 3 in League 1.
User testuser created picks for Week 4 in League 1.
User testuser created picks for Week 5 in League 1.
User testuser used an immunity idol for Week 6 in League 1.
User testuser created picks for Week 6 in League 1.
User testuser updated picks for Week 1 in League 1.
User testuser created picks for Week 7 in League 1.
User testuser2 created picks for Week 2 in League 1.
User testuser2 created picks for Week 1 in League 1.
User testuser2 updated picks for Week 1 in League 1.
User testuser2 updated picks for Week 1 in League 1.
User testuser2 updated picks for Week 2 in League 1.
User testuser2 updated picks for Week 1 in League 1.
User blobsmith created picks for Week 1 in League 1.
User ben created picks for Week 2 in League 1.
User ben created picks for Week 1 in League 1.
User ben updated picks for Week 1 in League 1.
User ben updated picks for Week 1 in League 1.
User ben submitted invalid picks for Week 1 in League 1.
User ben updated picks for Week 1 in League 1.
User ben updated picks for Week 1 in League 1.
User ben updated picks for Week 2 in League 1.
User ben created picks for Week 3 in League 1.
User ben created picks for Week 4 in League 1.
User ben updated picks for Week 1 in League 1.
User ben created picks for Week 1 in League 1.
User ben submitted invalid picks for Week 1 in League 1.
User ben submitted invalid picks for Week 1 in League 1.
User ben submitted invalid picks for Week 1 in League 1.
User ben submitted invalid picks for Week 1 in League 1.
User ben updated picks for Week 1 in League 1.
User ben submitted invalid picks for Week 1 in League 1.
User ben submitted invalid picks for Week 1 in League 1.
User ben submitted invalid picks for Week 1 in League 1.
User ben submitted invalid picks for Week 1 in League 1.
User ben updated picks for Week 1 in League 1.
User ben submitted invalid picks for Week 1 in League 1.
POST request without 'reset_picks' or 'submit_picks'. Initializing default form.
POST request without 'reset_picks' or 'submit_picks'. Initializing default form.
POST request without 'reset_picks' or 'submit_picks'. Initializing default form.
POST request without 'reset_picks' or 'submit_picks'. Initializing default form.
POST request without 'reset_picks' or 'submit_picks'. Initializing default form.
POST request without 'reset_picks' or 'submit_picks'. Initializing default form.
POST request without 'reset_picks' or 'submit_picks'. Initializing default form.
POST request without 'reset_picks' or 'submit_picks'.
POST request without 'reset_picks' or 'submit_picks'.
POST request without 'reset_picks' or 'submit_picks'.
POST request without 'reset_picks' or 'submit_picks'.
POST request without 'reset_picks' or 'submit_picks'.
User ben created picks for Week 1 in League 1.
User ben updated picks for Week 1 in League 1.
User ben updated picks for Week 1 in League 1.
User ben updated picks for Week 1 in League 1.
User ben submitted invalid picks for Week 1 in League 1.
User ben updated picks for Week 1 in League 1.
User ben updated picks for Week 1 in League 1.
User ben updated picks for Week 1 in League 1.
User ben updated picks for Week 1 in League 1.
User ben updated picks for Week 1 in League 1.
User ben updated picks for Week 1 in League 1.
User ben submitted invalid picks for Week 1 in League 1.
User ben updated picks for Week 1 in League 1.
User ben updated picks for Week 1 in League 1.
User ben updated picks for Week 1 in League 1.
User ben updated picks for Week 1 in League 1.
User ben updated picks for Week 1 in League 1.
User ben updated picks for Week 1 in League 1.
User ben updated picks for Week 1 in League 1.
User ben updated picks for Week 1 in League 1.
User ben updated picks for Week 1 in League 1.
User ben updated picks for Week 1 in League 1.
User ben updated picks for Week 1 in League 1.
User ben updated picks for Week 1 in League 1.
User ben updated picks for Week 1 in League 1.
User ben updated picks for Week 1 in League 1.
User ben updated picks for Week 1 in League 1.
User ben updated picks for Week 1 in League 1.
User ben reset picks for Week 1 in League 1.
User ben created picks for Week 1 in League 1.
User ben reset picks for Week 1 in League 1.
User ben created picks for Week 1 in League 1.
User ben updated picks for Week 1 in League 1.
User ben reset picks for Week 1 in League 1.
User ben created picks for Week 2 in League 1.
User ben submitted invalid picks for Week 1 in League 1.
User ben created picks for Week 1 in League 1.
User ben attempted to reset picks for Week 3 in League 1 but had no picks.
User ben attempted to reset picks for Week 3 in League 1 but had no picks.
User ben submitted invalid picks for Week 3 in League 1.
User ben submitted invalid picks for Week 3 in League 1.
User ben created picks for Week 3 in League 1.
User ben submitted invalid picks for Week 3 in League 1.
User ben updated picks for Week 3 in League 1.
User ben updated picks for Week 1 in League 1.
User ben created picks for Week 5 in League 1.
User ben updated picks for Week 5 in League 1.
User ben updated picks for Week 2 in League 1.
User ben submitted invalid picks for Week 8 in League 1.
User ben created picks for Week 8 in League 1.
User ben updated picks for Week 1 in League 1.
User ben updated picks for Week 1 in League 1.
User ben submitted invalid picks for Week 1 in League 1.
User ben updated picks for Week 1 in League 1.
User ben updated picks for Week 2 in League 1.
User ben reset picks for Week 2 in League 1.
User ben attempted to reset picks for Week 2 in League 1 but had no picks.
User ben created picks for Week 2 in League 1.
User ben reset picks for Week 1 in League 1.
User ben created picks for Week 1 in League 1.
User ben updated picks for Week 1 in League 1.
User ben2 created picks for Week 1 in League 1.
User ben2 updated picks for Week 1 in League 1.
User ben updated picks for Week 1 in League 1.
User ben used an immunity idol for Week 4 in League 1.
User ben created picks for Week 4 in League 1.
User ben used an immunity idol for Week 9 in League 1.
User ben created picks for Week 9 in League 1.
User ben used an immunity idol for Week 6 in League 1.
User ben created picks for Week 6 in League 1.
User ben3 created picks for Week 1 in League 1.
User ben3 updated picks for Week 1 in League 1.
User ben3 updated picks for Week 1 in League 1.
User ben3 updated picks for Week 1 in League 1.
User ben3 updated picks for Week 1 in League 1.
User ben3 submitted invalid picks for Week 2 in League 1.
User ben3 used an immunity idol for Week 2 in League 1.
User ben3 created picks for Week 2 in League 1.
User ben reset picks for Week 1 in League 1.
User ben attempted to reset picks for Week 1 in League 1 but had no picks.
User ben created picks for Week 1 in League 1.
User ben updated picks for Week 1 in League 1.
User ben updated picks for Week 1 in League 1.
User ben created picks for Week 1 in League 5.
User ben created picks for Week 1 in League 1.
User ben updated picks for Week 1 in League 1.
User ben reset picks for Week 1 in League 1.
User ben created picks for Week 1 in League 1.
User ben submitted invalid picks for Week 1 in League 1.
User ben updated picks for Week 1 in League 1.
UserProfile created for ben in League 'test1'.
User ben attempted to reset picks for Week 1 in League 1 but had no picks.
User ben attempted to reset picks for Week 1 in League 1 but had no picks.
User ben attempted to reset picks for Week 1 in League 1 but had no picks.
User ben attempted to reset picks for Week 1 in League 1 but had no picks.
User ben created picks for Week 1 in League 1.
User ben updated picks for Week 1 in League 1.
User ben reset picks for Week 1 in League 1.
User ben created picks for Week 1 in League 1.
Profile created for user 'ben'.
UserProfile created for 'ben' in League 'test'.
UserProfile created for 'ben' in League 'test2'.
Profile created for user 'ben'.
User ben attempted to access League 2 without membership.
UserProfile created for 'ben' in League 'test'.
UserProfile created for 'ben' in League 'test2'.
Profile created for user 'ben'.
UserProfile created for 'ben' in League 'test'.
Added creator 'ben' to League 'test' members.
League 'test' created by 'ben'.
UserProfile created for 'ben' in League 'test2'.
Added creator 'ben' to League 'test2' members.
League 'test2' created by 'ben'.
UserProfile created for 'ben' in League 'test3'.
Added creator 'ben' to League 'test3' members.
League 'test3' created by 'ben'.
User ben created picks for Week 1 in League 1.
User 'ben' attempted to join League 'test2' but is already a member.
User ben created picks for Week 2 in League 1.
User ben created picks for Week 3 in League 1.
User ben created picks for Week 4 in League 1.
Profile created for user 'ben2'.
UserProfile created for 'ben2' in League 'test'.
User 'ben2' joined League 'test'.
User ben2 created picks for Week 1 in League 1.
User ben2 updated picks for Week 1 in League 1.
UserProfile created for 'ben2' in League 'test2'.
User 'ben2' joined League 'test2'.
User ben2 reset picks for Week 1 in League 1.
User ben2 created picks for Week 1 in League 1.
User ben2 created picks for Week 1 in League 2.
User ben2 updated picks for Week 1 in League 2.
User ben updated picks for Week 1 in League 1.
User ben updated picks for Week 1 in League 1.
User ben2 updated picks for Week 1 in League 1.
Profile created for user 'ben3'.
UserProfile created for 'ben3' in League 'test4'.
Added creator 'ben3' to League 'test4' members.
League 'test4' created by 'ben3'.
UserProfile created for 'ben3' in League 'test'.
User 'ben3' joined League 'test'.
User ben3 created picks for Week 1 in League 1.
User ben3 created picks for Week 1 in League 4.
Profile created for user 'benaron'.
UserProfile created for 'benaron' in League 'test'.
User ben2 updated picks for Week 1 in League 1.
User ben2 submitted invalid picks for Week 2 in League 2.
User ben2 submitted invalid picks for Week 2 in League 2.
User ben2 created picks for Week 2 in League 2.
User ben2 created picks for Week 3 in League 2.
User ben2 created picks for Week 2 in League 1.
User ben2 created picks for Week 3 in League 1.
User ben2 submitted invalid picks for Week 4 in League 1.
User ben2 created picks for Week 4 in League 1.
User ben3 created picks for Week 2 in League 1.
User ben3 updated picks for Week 2 in League 1.
User ben3 created picks for Week 3 in League 1.
User ben reset picks for Week 1 in League 1.
User ben created picks for Week 1 in League 1.
User ben updated picks for Week 2 in League 1.
User ben created picks for Week 2 in League 3.
User ben created picks for Week 3 in League 3.
UserProfile created for 'ben3' in League 'test2'.
User 'ben3' joined League 'test2'.
Profile created for user 'ben'.
UserProfile created for 'ben' in League 'test'.
Added creator 'ben' to League 'test' members.
League 'test' created by 'ben'.
Profile created for user 'benaron'.
Profile created for user 'teest'.
UserProfile created for 'teest' in League 'test'.
User 'teest' joined League 'test'.
Profile created for user 'ben'.
Profile created for user 'testben'.
UserProfile created for 'testben' in League 'JAMES STYLE SURVIVOR'.
Added creator 'testben' to League 'JAMES STYLE SURVIVOR' members.
League 'JAMES STYLE SURVIVOR' created by 'testben'.
User testben created picks for Week 1 in League 1.
UserProfile created for 'ben' in League 'JAMES STYLE SURVIVOR'.
User 'ben' joined League 'JAMES STYLE SURVIVOR'.
User ben created picks for Week 1 in League 1.
Profile created for user 'ben'.
UserProfile created for 'ben' in League 'James style survivor'.
Added creator 'ben' to League 'James style survivor' members.
League 'James style survivor' created by 'ben'.
User ben created picks for Week 1 in League 1.
User ben updated picks for Week 1 in League 1.
Profile created for user 'test'.
UserProfile created for 'test' in League 'testl'.
Added creator 'test' to League 'testl' members.
League 'testl' created by 'test'.
User test submitted invalid picks for Week 2 in League 2.
User test created picks for Week 2 in League 2.
Profile created for user 'test1'.
UserProfile created for 'test1' in League 'testleague'.
Added creator 'test1' to League 'testleague' members.
League 'testleague' created by 'test1'.
User test1 created picks for Week 1 in League 3.
User test1 updated picks for Week 1 in League 3.
User test1 reset picks for Week 1 in League 3.
User test1 created picks for Week 1 in League 3.
User test1 created picks for Week 2 in League 3.
User test1 created picks for Week 3 in League 3.
Profile created for user 'test2'.
Profile created for user 'test3'.
UserProfile created for 'test2' in League 'testleague'.
User 'test2' joined League 'testleague'.
User test2 created picks for Week 1 in League 3.
User test2 created picks for Week 2 in League 3.
User test2 created picks for Week 3 in League 3.
UserProfile created for 'test3' in League 'testleague'.
User 'test3' joined League 'testleague'.
User test3 created picks for Week 1 in League 3.
User test3 created picks for Week 2 in League 3.
User test3 created picks for Week 3 in League 3.
